no  files in directory C://source
before moving 25
moved c://wamp/www/GitHub/image-gallery/data/raw_pics/14327983136639724.png
moved c://wamp/www/GitHub/image-gallery/data/raw_pics/Cisco_Telepresencei_Yeniden_Tanimliyor_Herkese_Gorusme_Deneyimi_88780_1_large.jpg
moved c://wamp/www/GitHub/image-gallery/data/raw_pics/BusinessCard.fw.png
moved c://wamp/www/GitHub/image-gallery/data/raw_pics/BSD dashboardfw.fw.png
moved c://wamp/www/GitHub/image-gallery/data/raw_pics/BusinessCard.jpg
moved c://wamp/www/GitHub/image-gallery/data/raw_pics/DSCF0086.JPG
moved c://wamp/www/GitHub/image-gallery/data/raw_pics/Capture.JPG
moved c://wamp/www/GitHub/image-gallery/data/raw_pics/Dashboard.fw.png
moved c://wamp/www/GitHub/image-gallery/data/raw_pics/Dashboard1.jpg
moved c://wamp/www/GitHub/image-gallery/data/raw_pics/Dashboard2.jpg
moved c://wamp/www/GitHub/image-gallery/data/raw_pics/DesktopTabletMobile-greensea.jpg
moved c://wamp/www/GitHub/image-gallery/data/raw_pics/EmotoionsIcons.fw.png
moved c://wamp/www/GitHub/image-gallery/data/raw_pics/Header2.fw.png
moved c://wamp/www/GitHub/image-gallery/data/raw_pics/EX9tlyZ.jpg
moved c://wamp/www/GitHub/image-gallery/data/raw_pics/New Text Document.txt
moved c://wamp/www/GitHub/image-gallery/data/raw_pics/abstract-world-technology-background-use-32839973.jpg
moved c://wamp/www/GitHub/image-gallery/data/raw_pics/Firebase.png
moved c://wamp/www/GitHub/image-gallery/data/raw_pics/ang2.jpg
moved c://wamp/www/GitHub/image-gallery/data/raw_pics/computer_technology_iStock_000001400737Large_1.jpg
moved c://wamp/www/GitHub/image-gallery/data/raw_pics/digital-green-abstract-clean-tech3.jpg
moved c://wamp/www/GitHub/image-gallery/data/raw_pics/ewebhome_responsive.jpg
moved c://wamp/www/GitHub/image-gallery/data/raw_pics/firebase.jpg
moved c://wamp/www/GitHub/image-gallery/data/raw_pics/green-grid_00420881.jpg
moved c://wamp/www/GitHub/image-gallery/data/raw_pics/james.jpg
moved c://wamp/www/GitHub/image-gallery/data/raw_pics/kUQXZdR.jpg
no  files in directory C://source
no  files in directory C://source
no  files in directory C://source
no  files in directory C://source
no  files in directory C://source
no  files in directory C://source
no  files in directory C://source
5/9/2016, 7:51:47 PM
no  files in directory C://source
5/9/2016, 7:52:07 PM
no  files in directory C://source
5/9/2016, 7:52:27 PM
no  files in directory C://source
5/9/2016, 7:52:47 PM
no  files in directory C://source
5/9/2016, 7:53:07 PM
before moving 25
removed file c://wamp/www/GitHub/image-gallery/data/raw_pics/14327983136639724.png
removed file c://wamp/www/GitHub/image-gallery/data/raw_pics/BSD dashboardfw.fw.png
removed file c://wamp/www/GitHub/image-gallery/data/raw_pics/BusinessCard.jpg
removed file c://wamp/www/GitHub/image-gallery/data/raw_pics/BusinessCard.fw.png
removed file c://wamp/www/GitHub/image-gallery/data/raw_pics/Cisco_Telepresencei_Yeniden_Tanimliyor_Herkese_Gorusme_Deneyimi_88780_1_large.jpg
removed file c://wamp/www/GitHub/image-gallery/data/raw_pics/Dashboard.fw.png
removed file c://wamp/www/GitHub/image-gallery/data/raw_pics/Capture.JPG
removed file c://wamp/www/GitHub/image-gallery/data/raw_pics/DSCF0086.JPG
removed file c://wamp/www/GitHub/image-gallery/data/raw_pics/DesktopTabletMobile-greensea.jpg
removed file c://wamp/www/GitHub/image-gallery/data/raw_pics/Dashboard1.jpg
removed file c://wamp/www/GitHub/image-gallery/data/raw_pics/Dashboard2.jpg
removed file c://wamp/www/GitHub/image-gallery/data/raw_pics/EmotoionsIcons.fw.png
removed file c://wamp/www/GitHub/image-gallery/data/raw_pics/Header2.fw.png
removed file c://wamp/www/GitHub/image-gallery/data/raw_pics/Firebase.png
removed file c://wamp/www/GitHub/image-gallery/data/raw_pics/New Text Document.txt
removed file c://wamp/www/GitHub/image-gallery/data/raw_pics/computer_technology_iStock_000001400737Large_1.jpg
removed file c://wamp/www/GitHub/image-gallery/data/raw_pics/abstract-world-technology-background-use-32839973.jpg
removed file c://wamp/www/GitHub/image-gallery/data/raw_pics/digital-green-abstract-clean-tech3.jpg
removed file c://wamp/www/GitHub/image-gallery/data/raw_pics/ang2.jpg
removed file c://wamp/www/GitHub/image-gallery/data/raw_pics/ewebhome_responsive.jpg
removed file c://wamp/www/GitHub/image-gallery/data/raw_pics/EX9tlyZ.jpg
removed file c://wamp/www/GitHub/image-gallery/data/raw_pics/green-grid_00420881.jpg
removed file c://wamp/www/GitHub/image-gallery/data/raw_pics/firebase.jpg
removed file c://wamp/www/GitHub/image-gallery/data/raw_pics/james.jpg
removed file c://wamp/www/GitHub/image-gallery/data/raw_pics/kUQXZdR.jpg
moved c://wamp/www/GitHub/image-gallery/data/raw_pics/14327983136639724.png
moved c://wamp/www/GitHub/image-gallery/data/raw_pics/BSD dashboardfw.fw.png
moved c://wamp/www/GitHub/image-gallery/data/raw_pics/BusinessCard.fw.png
moved c://wamp/www/GitHub/image-gallery/data/raw_pics/BusinessCard.jpg
moved c://wamp/www/GitHub/image-gallery/data/raw_pics/Dashboard.fw.png
moved c://wamp/www/GitHub/image-gallery/data/raw_pics/Cisco_Telepresencei_Yeniden_Tanimliyor_Herkese_Gorusme_Deneyimi_88780_1_large.jpg
moved c://wamp/www/GitHub/image-gallery/data/raw_pics/Capture.JPG
moved c://wamp/www/GitHub/image-gallery/data/raw_pics/DSCF0086.JPG
moved c://wamp/www/GitHub/image-gallery/data/raw_pics/Dashboard2.jpg
moved c://wamp/www/GitHub/image-gallery/data/raw_pics/Dashboard1.jpg
moved c://wamp/www/GitHub/image-gallery/data/raw_pics/EmotoionsIcons.fw.png
moved c://wamp/www/GitHub/image-gallery/data/raw_pics/Header2.fw.png
moved c://wamp/www/GitHub/image-gallery/data/raw_pics/New Text Document.txt
moved c://wamp/www/GitHub/image-gallery/data/raw_pics/Firebase.png
moved c://wamp/www/GitHub/image-gallery/data/raw_pics/computer_technology_iStock_000001400737Large_1.jpg
moved c://wamp/www/GitHub/image-gallery/data/raw_pics/abstract-world-technology-background-use-32839973.jpg
moved c://wamp/www/GitHub/image-gallery/data/raw_pics/digital-green-abstract-clean-tech3.jpg
moved c://wamp/www/GitHub/image-gallery/data/raw_pics/ang2.jpg
moved c://wamp/www/GitHub/image-gallery/data/raw_pics/ewebhome_responsive.jpg
moved c://wamp/www/GitHub/image-gallery/data/raw_pics/EX9tlyZ.jpg
moved c://wamp/www/GitHub/image-gallery/data/raw_pics/green-grid_00420881.jpg
moved c://wamp/www/GitHub/image-gallery/data/raw_pics/DesktopTabletMobile-greensea.jpg
moved c://wamp/www/GitHub/image-gallery/data/raw_pics/firebase.jpg
moved c://wamp/www/GitHub/image-gallery/data/raw_pics/james.jpg
Done 5/9/2016, 7:53:07 PM
moved c://wamp/www/GitHub/image-gallery/data/raw_pics/kUQXZdR.jpg
5/9/2016, 7:53:27 PM
no  files in directory C://source
5/9/2016, 7:53:47 PM
no  files in directory C://source
5/9/2016, 7:54:07 PM
no  files in directory C://source
5/9/2016, 7:54:27 PM
no  files in directory C://source
5/9/2016, 7:54:47 PM
no  files in directory C://source
5/9/2016, 7:55:07 PM
no  files in directory C://source
5/9/2016, 7:55:27 PM
no  files in directory C://source
5/9/2016, 7:55:33 PM
no  files in directory C://source
5/9/2016, 7:55:53 PM
no  files in directory C://source
5/9/2016, 7:56:13 PM
no  files in directory C://source
5/9/2016, 7:56:33 PM
no  files in directory C://source
5/9/2016, 7:56:53 PM
no  files in directory C://source
5/9/2016, 7:57:13 PM
no  files in directory C://source
5/9/2016, 7:57:33 PM
no  files in directory C://source
5/9/2016, 7:57:53 PM
no  files in directory C://source
5/9/2016, 7:58:13 PM
no  files in directory C://source
5/9/2016, 7:58:33 PM
no  files in directory C://source
5/9/2016, 7:58:53 PM
no  files in directory C://source
5/9/2016, 7:59:13 PM
no  files in directory C://source
5/9/2016, 7:59:33 PM
no  files in directory C://source
5/9/2016, 7:59:53 PM
no  files in directory C://source
5/9/2016, 8:00:13 PM
no  files in directory C://source
5/9/2016, 8:00:33 PM
no  files in directory C://source
5/9/2016, 8:00:53 PM
no  files in directory C://source
5/9/2016, 8:01:13 PM
no  files in directory C://source
5/9/2016, 8:01:33 PM
no  files in directory C://source
5/9/2016, 8:01:53 PM
no  files in directory C://source
5/9/2016, 8:02:13 PM
no  files in directory C://source
5/9/2016, 8:02:33 PM
no  files in directory C://source
5/9/2016, 8:02:53 PM
no  files in directory C://source
5/9/2016, 8:03:13 PM
no  files in directory C://source
5/9/2016, 8:03:33 PM
no  files in directory C://source
5/9/2016, 8:03:53 PM
no  files in directory C://source
5/9/2016, 8:04:13 PM
no  files in directory C://source
5/9/2016, 8:04:33 PM
no  files in directory C://source
5/9/2016, 8:04:53 PM
no  files in directory C://source
5/9/2016, 8:05:13 PM
no  files in directory C://source
5/9/2016, 8:05:33 PM
no  files in directory C://source
5/9/2016, 8:05:53 PM
no  files in directory C://source
5/9/2016, 8:06:13 PM
no  files in directory C://source
5/9/2016, 8:06:33 PM
no  files in directory C://source
5/9/2016, 8:06:53 PM
no  files in directory C://source
5/9/2016, 8:07:13 PM
no  files in directory C://source
5/9/2016, 8:07:33 PM
no  files in directory C://source
5/9/2016, 8:07:53 PM
no  files in directory C://source
5/9/2016, 8:08:13 PM
no  files in directory C://source
5/9/2016, 8:08:33 PM
no  files in directory C://source
5/9/2016, 8:08:53 PM
no  files in directory C://source
5/9/2016, 8:09:13 PM
no  files in directory C://source
5/9/2016, 8:09:33 PM
no  files in directory C://source
5/9/2016, 8:09:53 PM
no  files in directory C://source
5/9/2016, 8:10:13 PM
no  files in directory C://source
5/9/2016, 8:10:33 PM
no  files in directory C://source
5/9/2016, 8:10:53 PM
no  files in directory C://source
5/9/2016, 8:11:13 PM
no  files in directory C://source
5/9/2016, 8:11:33 PM
no  files in directory C://source
5/9/2016, 8:11:53 PM
no  files in directory C://source
5/9/2016, 8:12:13 PM
no  files in directory C://source
5/9/2016, 8:12:33 PM
no  files in directory C://source
5/9/2016, 8:12:53 PM
no  files in directory C://source
5/9/2016, 8:13:13 PM
no  files in directory C://source
5/9/2016, 8:13:33 PM
no  files in directory C://source
5/9/2016, 8:13:53 PM
no  files in directory C://source
5/9/2016, 8:14:13 PM
no  files in directory C://source
5/9/2016, 8:14:33 PM
no  files in directory C://source
5/9/2016, 8:14:53 PM
no  files in directory C://source
5/9/2016, 8:15:13 PM
no  files in directory C://source
5/9/2016, 8:15:33 PM
no  files in directory C://source
5/9/2016, 8:15:53 PM
no  files in directory C://source
5/9/2016, 8:16:13 PM
no  files in directory C://source
5/9/2016, 8:16:33 PM
no  files in directory C://source
5/9/2016, 8:16:53 PM
no  files in directory C://source
5/9/2016, 8:17:13 PM
no  files in directory C://source
5/9/2016, 8:17:33 PM
no  files in directory C://source
5/9/2016, 8:17:53 PM
no  files in directory C://source
5/9/2016, 8:18:13 PM
no  files in directory C://source
5/9/2016, 8:18:33 PM
no  files in directory C://source
5/9/2016, 8:18:53 PM
no  files in directory C://source
5/9/2016, 8:19:13 PM
no  files in directory C://source
5/9/2016, 8:19:33 PM
no  files in directory C://source
5/9/2016, 8:19:53 PM
no  files in directory C://source
5/9/2016, 8:20:13 PM
no  files in directory C://source
5/9/2016, 8:20:33 PM
no  files in directory C://source
5/9/2016, 8:20:53 PM
no  files in directory C://source
5/9/2016, 8:21:13 PM
no  files in directory C://source
5/9/2016, 8:21:33 PM
no  files in directory C://source
5/9/2016, 8:21:53 PM
no  files in directory C://source
5/9/2016, 8:22:13 PM
no  files in directory C://source
5/9/2016, 8:22:33 PM
no  files in directory C://source
5/9/2016, 8:22:53 PM
no  files in directory C://source
5/9/2016, 8:23:13 PM
no  files in directory C://source
5/9/2016, 8:23:33 PM
no  files in directory C://source
5/9/2016, 8:23:53 PM
no  files in directory C://source
5/9/2016, 8:24:13 PM
no  files in directory C://source
5/9/2016, 8:24:33 PM
no  files in directory C://source
5/9/2016, 8:24:53 PM
no  files in directory C://source
5/9/2016, 8:25:13 PM
no  files in directory C://source
5/9/2016, 8:25:33 PM
no  files in directory C://source
5/9/2016, 8:25:53 PM
no  files in directory C://source
5/9/2016, 8:26:13 PM
no  files in directory C://source
5/9/2016, 8:26:33 PM
no  files in directory C://source
5/9/2016, 8:26:53 PM
no  files in directory C://source
5/9/2016, 8:27:13 PM
no  files in directory C://source
5/9/2016, 8:27:33 PM
no  files in directory C://source
5/9/2016, 8:27:53 PM
no  files in directory C://source
5/9/2016, 8:28:13 PM
no  files in directory C://source
5/9/2016, 8:28:33 PM
no  files in directory C://source
5/9/2016, 8:28:53 PM
no  files in directory C://source
5/9/2016, 8:29:13 PM
no  files in directory C://source
5/9/2016, 8:29:33 PM
no  files in directory C://source
5/9/2016, 8:29:53 PM
no  files in directory C://source
5/9/2016, 8:30:13 PM
no  files in directory C://source
5/9/2016, 8:30:33 PM
no  files in directory C://source
5/9/2016, 8:30:53 PM
no  files in directory C://source
5/9/2016, 8:31:13 PM
no  files in directory C://source
5/9/2016, 8:31:33 PM
no  files in directory C://source
5/9/2016, 8:31:53 PM
no  files in directory C://source
5/9/2016, 8:32:13 PM
no  files in directory C://source
5/9/2016, 8:32:33 PM
no  files in directory C://source
5/9/2016, 8:32:53 PM
no  files in directory C://source
5/9/2016, 8:33:13 PM
no  files in directory C://source
5/9/2016, 8:33:33 PM
no  files in directory C://source
5/9/2016, 8:33:53 PM
no  files in directory C://source
5/9/2016, 8:34:13 PM
no  files in directory C://source
5/9/2016, 8:34:33 PM
no  files in directory C://source
5/9/2016, 8:34:53 PM
no  files in directory C://source
5/9/2016, 8:35:13 PM
no  files in directory C://source
5/9/2016, 8:35:33 PM
no  files in directory C://source
5/9/2016, 8:35:53 PM
no  files in directory C://source
5/9/2016, 8:36:13 PM
no  files in directory C://source
5/9/2016, 8:36:33 PM
no  files in directory C://source
5/9/2016, 8:36:53 PM
no  files in directory C://source
5/9/2016, 8:37:13 PM
no  files in directory C://source
5/9/2016, 8:37:33 PM
no  files in directory C://source
5/9/2016, 8:37:53 PM
no  files in directory C://source
5/9/2016, 8:38:13 PM
no  files in directory C://source
5/9/2016, 8:38:33 PM
no  files in directory C://source
5/9/2016, 8:38:53 PM
no  files in directory C://source
5/9/2016, 8:39:13 PM
no  files in directory C://source
5/9/2016, 8:39:33 PM
no  files in directory C://source
5/9/2016, 8:39:53 PM
no  files in directory C://source
5/9/2016, 8:40:13 PM
no  files in directory C://source
5/9/2016, 8:40:33 PM
no  files in directory C://source
5/9/2016, 8:40:53 PM
no  files in directory C://source
5/9/2016, 8:41:13 PM
no  files in directory C://source
5/9/2016, 8:41:33 PM
no  files in directory C://source
5/9/2016, 8:41:53 PM
no  files in directory C://source
5/9/2016, 8:42:13 PM
no  files in directory C://source
5/9/2016, 8:42:33 PM
no  files in directory C://source
5/9/2016, 8:42:53 PM
no  files in directory C://source
5/9/2016, 8:43:13 PM
no  files in directory C://source
5/9/2016, 8:43:33 PM
no  files in directory C://source
5/9/2016, 8:43:53 PM
no  files in directory C://source
5/9/2016, 8:44:13 PM
no  files in directory C://source
5/9/2016, 8:44:33 PM
no  files in directory C://source
5/9/2016, 8:44:53 PM
no  files in directory C://source
5/9/2016, 8:45:13 PM
no  files in directory C://source
5/9/2016, 8:45:33 PM
no  files in directory C://source
5/9/2016, 8:45:53 PM
no  files in directory C://source
5/9/2016, 8:46:13 PM
no  files in directory C://source
5/9/2016, 8:46:33 PM
no  files in directory C://source
5/9/2016, 8:46:53 PM
no  files in directory C://source
5/9/2016, 8:47:13 PM
no  files in directory C://source
5/9/2016, 8:47:33 PM
no  files in directory C://source
5/9/2016, 8:47:53 PM
no  files in directory C://source
5/9/2016, 8:48:13 PM
no  files in directory C://source
5/9/2016, 8:48:33 PM
no  files in directory C://source
5/9/2016, 8:48:53 PM
no  files in directory C://source
5/9/2016, 8:49:13 PM
no  files in directory C://source
5/9/2016, 8:49:33 PM
no  files in directory C://source
5/9/2016, 8:49:53 PM
no  files in directory C://source
5/9/2016, 8:50:13 PM
no  files in directory C://source
5/9/2016, 8:50:33 PM
no  files in directory C://source
5/9/2016, 8:50:53 PM
no  files in directory C://source
5/9/2016, 8:51:13 PM
no  files in directory C://source
5/9/2016, 8:51:33 PM
no  files in directory C://source
5/9/2016, 8:51:53 PM
no  files in directory C://source
5/9/2016, 8:52:13 PM
no  files in directory C://source
5/9/2016, 8:52:33 PM
no  files in directory C://source
5/9/2016, 8:52:53 PM
no  files in directory C://source
5/9/2016, 8:53:13 PM
no  files in directory C://source
5/9/2016, 8:53:33 PM
no  files in directory C://source
5/9/2016, 8:53:53 PM
no  files in directory C://source
5/9/2016, 8:54:13 PM
no  files in directory C://source
5/9/2016, 8:54:33 PM
no  files in directory C://source
5/9/2016, 8:54:53 PM
no  files in directory C://source
5/9/2016, 8:55:13 PM
no  files in directory C://source
5/9/2016, 8:55:33 PM
no  files in directory C://source
5/9/2016, 8:55:53 PM
no  files in directory C://source
5/9/2016, 8:56:13 PM
no  files in directory C://source
5/9/2016, 8:56:33 PM
no  files in directory C://source
5/9/2016, 8:56:53 PM
no  files in directory C://source
5/9/2016, 8:57:13 PM
no  files in directory C://source
5/9/2016, 8:57:33 PM
no  files in directory C://source
5/9/2016, 8:57:53 PM
no  files in directory C://source
5/9/2016, 8:58:13 PM
no  files in directory C://source
5/9/2016, 8:58:33 PM
no  files in directory C://source
5/9/2016, 8:58:53 PM
no  files in directory C://source
5/9/2016, 8:59:13 PM
no  files in directory C://source
5/9/2016, 8:59:33 PM
no  files in directory C://source
5/9/2016, 8:59:53 PM
no  files in directory C://source
5/9/2016, 9:00:13 PM
no  files in directory C://source
5/9/2016, 9:00:33 PM
no  files in directory C://source
5/9/2016, 9:00:53 PM
no  files in directory C://source
5/9/2016, 9:01:13 PM
no  files in directory C://source
5/9/2016, 9:01:33 PM
no  files in directory C://source
5/9/2016, 9:01:53 PM
no  files in directory C://source
5/9/2016, 9:02:13 PM
no  files in directory C://source
5/9/2016, 9:02:33 PM
no  files in directory C://source
5/9/2016, 9:02:53 PM
no  files in directory C://source
5/9/2016, 9:03:13 PM
no  files in directory C://source
5/9/2016, 9:03:33 PM
no  files in directory C://source
5/9/2016, 9:03:53 PM
no  files in directory C://source
5/9/2016, 9:04:13 PM
no  files in directory C://source
5/9/2016, 9:04:33 PM
no  files in directory C://source
5/9/2016, 9:04:53 PM
no  files in directory C://source
5/9/2016, 9:05:13 PM
no  files in directory C://source
5/9/2016, 9:05:33 PM
no  files in directory C://source
5/9/2016, 9:05:53 PM
no  files in directory C://source
5/9/2016, 9:06:13 PM
no  files in directory C://source
5/9/2016, 9:06:33 PM
no  files in directory C://source
5/9/2016, 9:06:53 PM
no  files in directory C://source
5/9/2016, 9:07:13 PM
no  files in directory C://source
5/9/2016, 9:07:33 PM
no  files in directory C://source
5/9/2016, 9:07:53 PM
no  files in directory C://source
5/9/2016, 9:08:13 PM
no  files in directory C://source
5/9/2016, 9:08:33 PM
no  files in directory C://source
5/9/2016, 9:08:53 PM
no  files in directory C://source
5/9/2016, 9:09:13 PM
no  files in directory C://source
5/9/2016, 9:09:33 PM
no  files in directory C://source
5/9/2016, 9:09:53 PM
no  files in directory C://source
5/9/2016, 9:10:13 PM
no  files in directory C://source
5/9/2016, 9:10:33 PM
no  files in directory C://source
5/9/2016, 9:10:53 PM
no  files in directory C://source
5/9/2016, 9:11:13 PM
no  files in directory C://source
5/9/2016, 9:11:33 PM
no  files in directory C://source
5/9/2016, 9:11:53 PM
no  files in directory C://source
5/9/2016, 9:12:13 PM
no  files in directory C://source
5/9/2016, 9:12:33 PM
no  files in directory C://source
5/9/2016, 9:12:53 PM
no  files in directory C://source
5/9/2016, 9:13:13 PM
no  files in directory C://source
5/9/2016, 9:13:33 PM
no  files in directory C://source
5/9/2016, 9:13:53 PM
no  files in directory C://source
5/9/2016, 9:14:13 PM
no  files in directory C://source
5/9/2016, 9:14:33 PM
no  files in directory C://source
5/9/2016, 9:14:53 PM
no  files in directory C://source
5/9/2016, 9:15:13 PM
no  files in directory C://source
5/9/2016, 9:15:33 PM
no  files in directory C://source
5/9/2016, 9:15:53 PM
no  files in directory C://source
5/9/2016, 9:16:13 PM
no  files in directory C://source
5/9/2016, 9:16:33 PM
no  files in directory C://source
5/9/2016, 9:16:53 PM
no  files in directory C://source
5/9/2016, 9:17:13 PM
no  files in directory C://source
5/9/2016, 9:17:33 PM
no  files in directory C://source
5/9/2016, 9:17:53 PM
no  files in directory C://source
5/9/2016, 9:18:13 PM
no  files in directory C://source
5/9/2016, 9:18:33 PM
no  files in directory C://source
5/9/2016, 9:18:53 PM
no  files in directory C://source
5/9/2016, 9:19:13 PM
no  files in directory C://source
5/9/2016, 9:19:33 PM
no  files in directory C://source
5/9/2016, 9:19:53 PM
no  files in directory C://source
5/9/2016, 9:20:13 PM
no  files in directory C://source
5/9/2016, 9:20:33 PM
no  files in directory C://source
5/9/2016, 9:20:53 PM
no  files in directory C://source
5/9/2016, 9:21:13 PM
no  files in directory C://source
5/9/2016, 9:21:33 PM
no  files in directory C://source
5/9/2016, 9:21:53 PM
no  files in directory C://source
5/9/2016, 9:22:13 PM
no  files in directory C://source
5/9/2016, 9:22:33 PM
no  files in directory C://source
5/9/2016, 9:22:53 PM
no  files in directory C://source
5/9/2016, 9:23:13 PM
no  files in directory C://source
5/9/2016, 9:23:33 PM
no  files in directory C://source
5/9/2016, 9:23:53 PM
no  files in directory C://source
5/9/2016, 9:24:13 PM
no  files in directory C://source
5/9/2016, 9:24:33 PM
no  files in directory C://source
5/9/2016, 9:24:53 PM
no  files in directory C://source
5/9/2016, 9:25:13 PM
no  files in directory C://source
5/9/2016, 9:25:33 PM
no  files in directory C://source
5/9/2016, 9:25:53 PM
no  files in directory C://source
5/9/2016, 9:26:13 PM
no  files in directory C://source
5/9/2016, 9:26:33 PM
no  files in directory C://source
5/9/2016, 9:26:53 PM
no  files in directory C://source
5/9/2016, 9:27:13 PM
no  files in directory C://source
5/9/2016, 9:27:33 PM
no  files in directory C://source
5/9/2016, 9:27:53 PM
no  files in directory C://source
5/9/2016, 9:28:13 PM
no  files in directory C://source
5/9/2016, 9:28:33 PM
no  files in directory C://source
5/9/2016, 9:28:53 PM
no  files in directory C://source
5/9/2016, 9:29:13 PM
no  files in directory C://source
5/9/2016, 9:29:33 PM
no  files in directory C://source
5/9/2016, 9:29:53 PM
no  files in directory C://source
5/9/2016, 9:30:13 PM
no  files in directory C://source
5/9/2016, 9:30:33 PM
no  files in directory C://source
5/9/2016, 9:30:53 PM
no  files in directory C://source
5/9/2016, 9:31:13 PM
no  files in directory C://source
5/9/2016, 9:31:33 PM
no  files in directory C://source
5/9/2016, 9:31:53 PM
no  files in directory C://source
5/9/2016, 9:32:13 PM
no  files in directory C://source
5/9/2016, 9:32:33 PM
no  files in directory C://source
5/9/2016, 9:32:53 PM
no  files in directory C://source
5/9/2016, 9:33:13 PM
no  files in directory C://source
5/9/2016, 9:33:33 PM
no  files in directory C://source
5/9/2016, 9:33:53 PM
no  files in directory C://source
5/9/2016, 9:34:13 PM
no  files in directory C://source
5/9/2016, 9:34:33 PM
no  files in directory C://source
5/9/2016, 9:34:53 PM
no  files in directory C://source
5/9/2016, 9:35:13 PM
no  files in directory C://source
5/9/2016, 9:35:33 PM
no  files in directory C://source
5/9/2016, 9:35:53 PM
no  files in directory C://source
5/9/2016, 9:36:13 PM
no  files in directory C://source
5/9/2016, 9:36:33 PM
no  files in directory C://source
5/9/2016, 9:36:53 PM
no  files in directory C://source
5/9/2016, 9:37:13 PM
no  files in directory C://source
5/9/2016, 9:37:33 PM
no  files in directory C://source
5/9/2016, 9:37:53 PM
no  files in directory C://source
5/9/2016, 9:38:13 PM
no  files in directory C://source
5/9/2016, 9:38:33 PM
no  files in directory C://source
5/9/2016, 9:38:53 PM
no  files in directory C://source
5/9/2016, 9:39:13 PM
no  files in directory C://source
5/9/2016, 9:39:33 PM
no  files in directory C://source
5/9/2016, 9:39:53 PM
no  files in directory C://source
5/9/2016, 9:40:13 PM
no  files in directory C://source
5/9/2016, 9:40:33 PM
no  files in directory C://source
5/9/2016, 9:40:53 PM
no  files in directory C://source
5/9/2016, 9:41:13 PM
no  files in directory C://source
5/9/2016, 9:41:33 PM
no  files in directory C://source
5/9/2016, 9:41:53 PM
no  files in directory C://source
5/9/2016, 9:42:13 PM
no  files in directory C://source
5/9/2016, 9:42:33 PM
no  files in directory C://source
5/9/2016, 9:42:53 PM
no  files in directory C://source
5/9/2016, 9:43:13 PM
no  files in directory C://source
5/9/2016, 9:43:33 PM
no  files in directory C://source
5/9/2016, 9:43:53 PM
no  files in directory C://source
5/9/2016, 9:44:13 PM
no  files in directory C://source
5/9/2016, 9:44:33 PM
no  files in directory C://source
5/9/2016, 9:44:53 PM
no  files in directory C://source
5/9/2016, 9:45:13 PM
no  files in directory C://source
5/9/2016, 9:45:33 PM
before moving 25
moved c://wamp/www/GitHub/image-gallery/data/raw_pics/14327983136639724.png
moved c://wamp/www/GitHub/image-gallery/data/raw_pics/BSD dashboardfw.fw.png
moved c://wamp/www/GitHub/image-gallery/data/raw_pics/BusinessCard.jpg
moved c://wamp/www/GitHub/image-gallery/data/raw_pics/Capture.JPG
moved c://wamp/www/GitHub/image-gallery/data/raw_pics/BusinessCard.fw.png
moved c://wamp/www/GitHub/image-gallery/data/raw_pics/Cisco_Telepresencei_Yeniden_Tanimliyor_Herkese_Gorusme_Deneyimi_88780_1_large.jpg
moved c://wamp/www/GitHub/image-gallery/data/raw_pics/DSCF0086.JPG
moved c://wamp/www/GitHub/image-gallery/data/raw_pics/Dashboard.fw.png
moved c://wamp/www/GitHub/image-gallery/data/raw_pics/Dashboard1.jpg
moved c://wamp/www/GitHub/image-gallery/data/raw_pics/DesktopTabletMobile-greensea.jpg
moved c://wamp/www/GitHub/image-gallery/data/raw_pics/Dashboard2.jpg
moved c://wamp/www/GitHub/image-gallery/data/raw_pics/EX9tlyZ.jpg
moved c://wamp/www/GitHub/image-gallery/data/raw_pics/EmotoionsIcons.fw.png
moved c://wamp/www/GitHub/image-gallery/data/raw_pics/Header2.fw.png
moved c://wamp/www/GitHub/image-gallery/data/raw_pics/Firebase.png
moved c://wamp/www/GitHub/image-gallery/data/raw_pics/abstract-world-technology-background-use-32839973.jpg
moved c://wamp/www/GitHub/image-gallery/data/raw_pics/ang2.jpg
moved c://wamp/www/GitHub/image-gallery/data/raw_pics/firebase.jpg
moved c://wamp/www/GitHub/image-gallery/data/raw_pics/ewebhome_responsive.jpg
moved c://wamp/www/GitHub/image-gallery/data/raw_pics/digital-green-abstract-clean-tech3.jpg
moved c://wamp/www/GitHub/image-gallery/data/raw_pics/computer_technology_iStock_000001400737Large_1.jpg
moved c://wamp/www/GitHub/image-gallery/data/raw_pics/james.jpg
moved c://wamp/www/GitHub/image-gallery/data/raw_pics/green-grid_00420881.jpg
moved c://wamp/www/GitHub/image-gallery/data/raw_pics/kUQXZdR.jpg
Done 5/9/2016, 9:45:33 PM
moved c://wamp/www/GitHub/image-gallery/data/raw_pics/New Text Document.txt
5/9/2016, 9:45:56 PM
before moving 25
5/9/2016, 9:46:16 PM
before moving 25
5/9/2016, 9:46:36 PM
before moving 25
